# JRE version: OpenJDK Runtime Environment (8.0_152-b01) (build 1.8.0_152-release-915-b01)
# Java VM: OpenJDK 64-Bit Server VM (25.152-b01 mixed mode windows-amd64 compressed oops)
Heap:
 PSYoungGen      total 165376K, used 126249K [0x00000000e0000000, 0x00000000edd00000, 0x0000000100000000)
  eden space 143872K, 87% used [0x00000000e0000000,0x00000000e7b4a580,0x00000000e8c80000)
  from space 21504K, 0% used [0x00000000eab80000,0x00000000eab80000,0x00000000ec080000)
  to   space 31744K, 0% used [0x00000000e8c80000,0x00000000e8c80000,0x00000000eab80000)
 ParOldGen       total 59904K, used 59562K [0x00000000a0000000, 0x00000000a3a80000, 0x00000000e0000000)
  object space 59904K, 99% used [0x00000000a0000000,0x00000000a3a2abe8,0x00000000a3a80000)
 Metaspace       used 86739K, capacity 89244K, committed 89560K, reserved 1128448K
  class space    used 10845K, capacity 11415K, committed 11520K, reserved 1048576K
GC Heap History (10 events):
Event: 59.586 GC heap before
{Heap before GC invocations=17 (full 3):
 PSYoungGen      total 126464K, used 114176K [0x00000000e0000000, 0x00000000eb300000, 0x0000000100000000)
  eden space 114176K, 100% used [0x00000000e0000000,0x00000000e6f80000,0x00000000e6f80000)
  from space 12288K, 0% used [0x00000000e6f80000,0x00000000e6f80000,0x00000000e7b80000)
  to   space 22528K, 0% used [0x00000000e9d00000,0x00000000e9d00000,0x00000000eb300000)
 ParOldGen       total 59904K, used 34576K [0x00000000a0000000, 0x00000000a3a80000, 0x00000000e0000000)
  object space 59904K, 57% used [0x00000000a0000000,0x00000000a21c4138,0x00000000a3a80000)
 Metaspace       used 65542K, capacity 67636K, committed 67672K, reserved 1107968K
  class space    used 8617K, capacity 9087K, committed 9088K, reserved 1048576K
Event: 59.625 GC heap after
Heap after GC invocations=17 (full 3):
 PSYoungGen      total 151552K, used 11772K [0x00000000e0000000, 0x00000000eae00000, 0x0000000100000000)
  eden space 134144K, 0% used [0x00000000e0000000,0x00000000e0000000,0x00000000e8300000)
  from space 17408K, 67% used [0x00000000e9d00000,0x00000000ea87f188,0x00000000eae00000)
  to   space 22016K, 0% used [0x00000000e8300000,0x00000000e8300000,0x00000000e9880000)
 ParOldGen       total 59904K, used 34584K [0x00000000a0000000, 0x00000000a3a80000, 0x00000000e0000000)
  object space 59904K, 57% used [0x00000000a0000000,0x00000000a21c6138,0x00000000a3a80000)
 Metaspace       used 65542K, capacity 67636K, committed 67672K, reserved 1107968K
  class space    used 8617K, capacity 9087K, committed 9088K, reserved 1048576K
}
Event: 173.631 GC heap before
{Heap before GC invocations=18 (full 3):
 PSYoungGen      total 151552K, used 145916K [0x00000000e0000000, 0x00000000eae00000, 0x0000000100000000)
  eden space 134144K, 100% used [0x00000000e0000000,0x00000000e8300000,0x00000000e8300000)
  from space 17408K, 67% used [0x00000000e9d00000,0x00000000ea87f188,0x00000000eae00000)
  to   space 22016K, 0% used [0x00000000e8300000,0x00000000e8300000,0x00000000e9880000)
 ParOldGen       total 59904K, used 34584K [0x00000000a0000000, 0x00000000a3a80000, 0x00000000e0000000)
  object space 59904K, 57% used [0x00000000a0000000,0x00000000a21c6138,0x00000000a3a80000)
 Metaspace       used 68885K, capacity 71320K, committed 71512K, reserved 1112064K
  class space    used 9057K, capacity 9595K, committed 9600K, reserved 1048576K
Event: 173.810 GC heap after
Heap after GC invocations=18 (full 3):
 PSYoungGen      total 156160K, used 11179K [0x00000000e0000000, 0x00000000ec080000, 0x0000000100000000)
  eden space 134144K, 0% used [0x00000000e0000000,0x00000000e0000000,0x00000000e8300000)
  from space 22016K, 50% used [0x00000000e8300000,0x00000000e8deacc0,0x00000000e9880000)
  to   space 21504K, 0% used [0x00000000eab80000,0x00000000eab80000,0x00000000ec080000)
 ParOldGen       total 59904K, used 34592K [0x00000000a0000000, 0x00000000a3a80000, 0x00000000e0000000)
  object space 59904K, 57% used [0x00000000a0000000,0x00000000a21c8138,0x00000000a3a80000)
 Metaspace       used 68885K, capacity 71320K, committed 71512K, reserved 1112064K
  class space    used 9057K, capacity 9595K, committed 9600K, reserved 1048576K
}
Event: 180.912 GC heap before
{Heap before GC invocations=19 (full 3):
 PSYoungGen      total 156160K, used 145323K [0x00000000e0000000, 0x00000000ec080000, 0x0000000100000000)
  eden space 134144K, 100% used [0x00000000e0000000,0x00000000e8300000,0x00000000e8300000)
  from space 22016K, 50% used [0x00000000e8300000,0x00000000e8deacc0,0x00000000e9880000)
  to   space 21504K, 0% used [0x00000000eab80000,0x00000000eab80000,0x00000000ec080000)
 ParOldGen       total 59904K, used 34592K [0x00000000a0000000, 0x00000000a3a80000, 0x00000000e0000000)
  object space 59904K, 57% used [0x00000000a0000000,0x00000000a21c8138,0x00000000a3a80000)
 Metaspace       used 81856K, capacity 84334K, committed 84696K, reserved 1122304K
  class space    used 10333K, capacity 10884K, committed 11008K, reserved 1048576K
Event: 181.088 GC heap after
Heap after GC invocations=19 (full 3):
 PSYoungGen      total 165376K, used 21484K [0x00000000e0000000, 0x00000000edd00000, 0x0000000100000000)
  eden space 143872K, 0% used [0x00000000e0000000,0x00000000e0000000,0x00000000e8c80000)
  from space 21504K, 99% used [0x00000000eab80000,0x00000000ec07b250,0x00000000ec080000)
  to   space 31744K, 0% used [0x00000000e8c80000,0x00000000e8c80000,0x00000000eab80000)
 ParOldGen       total 59904K, used 54727K [0x00000000a0000000, 0x00000000a3a80000, 0x00000000e0000000)
  object space 59904K, 91% used [0x00000000a0000000,0x00000000a3571d90,0x00000000a3a80000)
 Metaspace       used 81856K, capacity 84334K, committed 84696K, reserved 1122304K
  class space    used 10333K, capacity 10884K, committed 11008K, reserved 1048576K
}
Event: 181.088 GC heap before
{Heap before GC invocations=20 (full 4):
 PSYoungGen      total 165376K, used 21484K [0x00000000e0000000, 0x00000000edd00000, 0x0000000100000000)
  eden space 143872K, 0% used [0x00000000e0000000,0x00000000e0000000,0x00000000e8c80000)
  from space 21504K, 99% used [0x00000000eab80000,0x00000000ec07b250,0x00000000ec080000)
  to   space 31744K, 0% used [0x00000000e8c80000,0x00000000e8c80000,0x00000000eab80000)
 ParOldGen       total 59904K, used 54727K [0x00000000a0000000, 0x00000000a3a80000, 0x00000000e0000000)
  object space 59904K, 91% used [0x00000000a0000000,0x00000000a3571d90,0x00000000a3a80000)
 Metaspace       used 81856K, capacity 84334K, committed 84696K, reserved 1122304K
  class space    used 10333K, capacity 10884K, committed 11008K, reserved 1048576K
Event: 182.786 GC heap after
Heap after GC invocations=20 (full 4):
 PSYoungGen      total 165376K, used 11566K [0x00000000e0000000, 0x00000000edd00000, 0x0000000100000000)
  eden space 143872K, 0% used [0x00000000e0000000,0x00000000e0000000,0x00000000e8c80000)
  from space 21504K, 53% used [0x00000000eab80000,0x00000000eb6cba00,0x00000000ec080000)
  to   space 31744K, 0% used [0x00000000e8c80000,0x00000000e8c80000,0x00000000eab80000)
 ParOldGen       total 59904K, used 59463K [0x00000000a0000000, 0x00000000a3a80000, 0x00000000e0000000)
  object space 59904K, 99% used [0x00000000a0000000,0x00000000a3a11e58,0x00000000a3a80000)
 Metaspace       used 81856K, capacity 84334K, committed 84696K, reserved 1122304K
  class space    used 10333K, capacity 10884K, committed 11008K, reserved 1048576K
}
Event: 187.941 GC heap before
{Heap before GC invocations=21 (full 5):
 PSYoungGen      total 165376K, used 155438K [0x00000000e0000000, 0x00000000edd00000, 0x0000000100000000)
  eden space 143872K, 100% used [0x00000000e0000000,0x00000000e8c80000,0x00000000e8c80000)
  from space 21504K, 53% used [0x00000000eab80000,0x00000000eb6cba00,0x00000000ec080000)
  to   space 31744K, 0% used [0x00000000e8c80000,0x00000000e8c80000,0x00000000eab80000)
 ParOldGen       total 59904K, used 59463K [0x00000000a0000000, 0x00000000a3a80000, 0x00000000e0000000)
  object space 59904K, 99% used [0x00000000a0000000,0x00000000a3a11e58,0x00000000a3a80000)
 Metaspace       used 85627K, capacity 88156K, committed 88408K, reserved 1126400K
  class space    used 10776K, capacity 11351K, committed 11392K, reserved 1048576K
Event: 189.261 GC heap after
Heap after GC invocations=21 (full 5):
 PSYoungGen      total 165376K, used 57790K [0x00000000e0000000, 0x00000000edd00000, 0x0000000100000000)
  eden space 143872K, 40% used [0x00000000e0000000,0x00000000e386fbd0,0x00000000e8c80000)
  from space 21504K, 0% used [0x00000000eab80000,0x00000000eab80000,0x00000000ec080000)
  to   space 31744K, 0% used [0x00000000e8c80000,0x00000000e8c80000,0x00000000eab80000)
 ParOldGen       total 59904K, used 59562K [0x00000000a0000000, 0x00000000a3a80000, 0x00000000e0000000)
  object space 59904K, 99% used [0x00000000a0000000,0x00000000a3a2abe8,0x00000000a3a80000)
 Metaspace       used 85627K, capacity 88156K, committed 88408K, reserved 1126400K
  class space    used 10776K, capacity 11351K, committed 11392K, reserved 1048576K
}

