# JRE version: OpenJDK Runtime Environment (8.0_152-b01) (build 1.8.0_152-release-915-b01)
# Java VM: OpenJDK 64-Bit Server VM (25.152-b01 mixed mode windows-amd64 compressed oops)
Heap:
 PSYoungGen      total 107520K, used 1722K [0x00000000e0000000, 0x00000000e9580000, 0x0000000100000000)
  eden space 97280K, 1% used [0x00000000e0000000,0x00000000e01aeaf8,0x00000000e5f00000)
  from space 10240K, 0% used [0x00000000e5f00000,0x00000000e5f00000,0x00000000e6900000)
  to   space 11776K, 0% used [0x00000000e8a00000,0x00000000e8a00000,0x00000000e9580000)
 ParOldGen       total 57344K, used 16452K [0x00000000a0000000, 0x00000000a3800000, 0x00000000e0000000)
  object space 57344K, 28% used [0x00000000a0000000,0x00000000a10110b8,0x00000000a3800000)
 Metaspace       used 34842K, capacity 35638K, committed 36056K, reserved 1081344K
  class space    used 4720K, capacity 4999K, committed 5120K, reserved 1048576K
GC Heap History (10 events):
Event: 16.583 GC heap before
{Heap before GC invocations=7 (full 1):
 PSYoungGen      total 69120K, used 7138K [0x00000000e0000000, 0x00000000e4f00000, 0x0000000100000000)
  eden space 61952K, 0% used [0x00000000e0000000,0x00000000e0000000,0x00000000e3c80000)
  from space 7168K, 99% used [0x00000000e4500000,0x00000000e4bf8b90,0x00000000e4c00000)
  to   space 8704K, 0% used [0x00000000e3c80000,0x00000000e3c80000,0x00000000e4500000)
 ParOldGen       total 42496K, used 8802K [0x00000000a0000000, 0x00000000a2980000, 0x00000000e0000000)
  object space 42496K, 20% used [0x00000000a0000000,0x00000000a0898988,0x00000000a2980000)
 Metaspace       used 20581K, capacity 21094K, committed 21248K, reserved 1067008K
  class space    used 2840K, capacity 3010K, committed 3072K, reserved 1048576K
Event: 16.720 GC heap after
Heap after GC invocations=7 (full 1):
 PSYoungGen      total 69120K, used 0K [0x00000000e0000000, 0x00000000e4f00000, 0x0000000100000000)
  eden space 61952K, 0% used [0x00000000e0000000,0x00000000e0000000,0x00000000e3c80000)
  from space 7168K, 0% used [0x00000000e4500000,0x00000000e4500000,0x00000000e4c00000)
  to   space 8704K, 0% used [0x00000000e3c80000,0x00000000e3c80000,0x00000000e4500000)
 ParOldGen       total 38912K, used 12286K [0x00000000a0000000, 0x00000000a2600000, 0x00000000e0000000)
  object space 38912K, 31% used [0x00000000a0000000,0x00000000a0bffb18,0x00000000a2600000)
 Metaspace       used 20581K, capacity 21094K, committed 21248K, reserved 1067008K
  class space    used 2840K, capacity 3010K, committed 3072K, reserved 1048576K
}
Event: 19.761 GC heap before
{Heap before GC invocations=8 (full 1):
 PSYoungGen      total 69120K, used 61952K [0x00000000e0000000, 0x00000000e4f00000, 0x0000000100000000)
  eden space 61952K, 100% used [0x00000000e0000000,0x00000000e3c80000,0x00000000e3c80000)
  from space 7168K, 0% used [0x00000000e4500000,0x00000000e4500000,0x00000000e4c00000)
  to   space 8704K, 0% used [0x00000000e3c80000,0x00000000e3c80000,0x00000000e4500000)
 ParOldGen       total 38912K, used 12286K [0x00000000a0000000, 0x00000000a2600000, 0x00000000e0000000)
  object space 38912K, 31% used [0x00000000a0000000,0x00000000a0bffb18,0x00000000a2600000)
 Metaspace       used 25226K, capacity 25886K, committed 25984K, reserved 1071104K
  class space    used 3483K, capacity 3702K, committed 3712K, reserved 1048576K
Event: 19.781 GC heap after
Heap after GC invocations=8 (full 1):
 PSYoungGen      total 70656K, used 7226K [0x00000000e0000000, 0x00000000e7200000, 0x0000000100000000)
  eden space 61952K, 0% used [0x00000000e0000000,0x00000000e0000000,0x00000000e3c80000)
  from space 8704K, 83% used [0x00000000e3c80000,0x00000000e438e800,0x00000000e4500000)
  to   space 9216K, 0% used [0x00000000e6900000,0x00000000e6900000,0x00000000e7200000)
 ParOldGen       total 38912K, used 12294K [0x00000000a0000000, 0x00000000a2600000, 0x00000000e0000000)
  object space 38912K, 31% used [0x00000000a0000000,0x00000000a0c01b18,0x00000000a2600000)
 Metaspace       used 25226K, capacity 25886K, committed 25984K, reserved 1071104K
  class space    used 3483K, capacity 3702K, committed 3712K, reserved 1048576K
}
Event: 22.542 GC heap before
{Heap before GC invocations=9 (full 1):
 PSYoungGen      total 70656K, used 69178K [0x00000000e0000000, 0x00000000e7200000, 0x0000000100000000)
  eden space 61952K, 100% used [0x00000000e0000000,0x00000000e3c80000,0x00000000e3c80000)
  from space 8704K, 83% used [0x00000000e3c80000,0x00000000e438e800,0x00000000e4500000)
  to   space 9216K, 0% used [0x00000000e6900000,0x00000000e6900000,0x00000000e7200000)
 ParOldGen       total 38912K, used 12294K [0x00000000a0000000, 0x00000000a2600000, 0x00000000e0000000)
  object space 38912K, 31% used [0x00000000a0000000,0x00000000a0c01b18,0x00000000a2600000)
 Metaspace       used 30320K, capacity 30888K, committed 31232K, reserved 1077248K
  class space    used 4135K, capacity 4323K, committed 4352K, reserved 1048576K
Event: 22.565 GC heap after
Heap after GC invocations=9 (full 1):
 PSYoungGen      total 106496K, used 8533K [0x00000000e0000000, 0x00000000e7300000, 0x0000000100000000)
  eden space 97280K, 0% used [0x00000000e0000000,0x00000000e0000000,0x00000000e5f00000)
  from space 9216K, 92% used [0x00000000e6900000,0x00000000e7155740,0x00000000e7200000)
  to   space 10240K, 0% used [0x00000000e5f00000,0x00000000e5f00000,0x00000000e6900000)
 ParOldGen       total 38912K, used 12302K [0x00000000a0000000, 0x00000000a2600000, 0x00000000e0000000)
  object space 38912K, 31% used [0x00000000a0000000,0x00000000a0c03b18,0x00000000a2600000)
 Metaspace       used 30320K, capacity 30888K, committed 31232K, reserved 1077248K
  class space    used 4135K, capacity 4323K, committed 4352K, reserved 1048576K
}
Event: 26.837 GC heap before
{Heap before GC invocations=10 (full 1):
 PSYoungGen      total 106496K, used 76739K [0x00000000e0000000, 0x00000000e7300000, 0x0000000100000000)
  eden space 97280K, 70% used [0x00000000e0000000,0x00000000e429b718,0x00000000e5f00000)
  from space 9216K, 92% used [0x00000000e6900000,0x00000000e7155740,0x00000000e7200000)
  to   space 10240K, 0% used [0x00000000e5f00000,0x00000000e5f00000,0x00000000e6900000)
 ParOldGen       total 38912K, used 12302K [0x00000000a0000000, 0x00000000a2600000, 0x00000000e0000000)
  object space 38912K, 31% used [0x00000000a0000000,0x00000000a0c03b18,0x00000000a2600000)
 Metaspace       used 34491K, capacity 35248K, committed 35416K, reserved 1079296K
  class space    used 4676K, capacity 4954K, committed 4992K, reserved 1048576K
Event: 26.871 GC heap after
Heap after GC invocations=10 (full 1):
 PSYoungGen      total 107520K, used 10140K [0x00000000e0000000, 0x00000000e9580000, 0x0000000100000000)
  eden space 97280K, 0% used [0x00000000e0000000,0x00000000e0000000,0x00000000e5f00000)
  from space 10240K, 99% used [0x00000000e5f00000,0x00000000e68e72b8,0x00000000e6900000)
  to   space 11776K, 0% used [0x00000000e8a00000,0x00000000e8a00000,0x00000000e9580000)
 ParOldGen       total 38912K, used 12374K [0x00000000a0000000, 0x00000000a2600000, 0x00000000e0000000)
  object space 38912K, 31% used [0x00000000a0000000,0x00000000a0c15b28,0x00000000a2600000)
 Metaspace       used 34491K, capacity 35248K, committed 35416K, reserved 1079296K
  class space    used 4676K, capacity 4954K, committed 4992K, reserved 1048576K
}
Event: 26.871 GC heap before
{Heap before GC invocations=11 (full 2):
 PSYoungGen      total 107520K, used 10140K [0x00000000e0000000, 0x00000000e9580000, 0x0000000100000000)
  eden space 97280K, 0% used [0x00000000e0000000,0x00000000e0000000,0x00000000e5f00000)
  from space 10240K, 99% used [0x00000000e5f00000,0x00000000e68e72b8,0x00000000e6900000)
  to   space 11776K, 0% used [0x00000000e8a00000,0x00000000e8a00000,0x00000000e9580000)
 ParOldGen       total 38912K, used 12374K [0x00000000a0000000, 0x00000000a2600000, 0x00000000e0000000)
  object space 38912K, 31% used [0x00000000a0000000,0x00000000a0c15b28,0x00000000a2600000)
 Metaspace       used 34491K, capacity 35248K, committed 35416K, reserved 1079296K
  class space    used 4676K, capacity 4954K, committed 4992K, reserved 1048576K
Event: 27.163 GC heap after
Heap after GC invocations=11 (full 2):
 PSYoungGen      total 107520K, used 0K [0x00000000e0000000, 0x00000000e9580000, 0x0000000100000000)
  eden space 97280K, 0% used [0x00000000e0000000,0x00000000e0000000,0x00000000e5f00000)
  from space 10240K, 0% used [0x00000000e5f00000,0x00000000e5f00000,0x00000000e6900000)
  to   space 11776K, 0% used [0x00000000e8a00000,0x00000000e8a00000,0x00000000e9580000)
 ParOldGen       total 57344K, used 16452K [0x00000000a0000000, 0x00000000a3800000, 0x00000000e0000000)
  object space 57344K, 28% used [0x00000000a0000000,0x00000000a10110b8,0x00000000a3800000)
 Metaspace       used 34491K, capacity 35248K, committed 35416K, reserved 1079296K
  class space    used 4676K, capacity 4954K, committed 4992K, reserved 1048576K
}

