# JRE version: OpenJDK Runtime Environment (8.0_152-b01) (build 1.8.0_152-release-915-b01)
# Java VM: OpenJDK 64-Bit Server VM (25.152-b01 mixed mode windows-amd64 compressed oops)
Heap:
 PSYoungGen      total 138752K, used 41628K [0x00000000e0000000, 0x00000000e9b00000, 0x0000000100000000)
  eden space 127488K, 24% used [0x00000000e0000000,0x00000000e1e1bcf8,0x00000000e7c80000)
  from space 11264K, 95% used [0x00000000e9000000,0x00000000e9a8b5f0,0x00000000e9b00000)
  to   space 13312K, 0% used [0x00000000e8100000,0x00000000e8100000,0x00000000e8e00000)
 ParOldGen       total 53760K, used 16485K [0x00000000a0000000, 0x00000000a3480000, 0x00000000e0000000)
  object space 53760K, 30% used [0x00000000a0000000,0x00000000a10197e0,0x00000000a3480000)
 Metaspace       used 43906K, capacity 44850K, committed 45144K, reserved 1087488K
  class space    used 5869K, capacity 6188K, committed 6272K, reserved 1048576K
GC Heap History (10 events):
Event: 17.716 GC heap before
{Heap before GC invocations=8 (full 1):
 PSYoungGen      total 70144K, used 62464K [0x00000000e0000000, 0x00000000e4f00000, 0x0000000100000000)
  eden space 62464K, 100% used [0x00000000e0000000,0x00000000e3d00000,0x00000000e3d00000)
  from space 7680K, 0% used [0x00000000e4580000,0x00000000e4580000,0x00000000e4d00000)
  to   space 8704K, 0% used [0x00000000e3d00000,0x00000000e3d00000,0x00000000e4580000)
 ParOldGen       total 37888K, used 12269K [0x00000000a0000000, 0x00000000a2500000, 0x00000000e0000000)
  object space 37888K, 32% used [0x00000000a0000000,0x00000000a0bfb668,0x00000000a2500000)
 Metaspace       used 25207K, capacity 25870K, committed 25984K, reserved 1071104K
  class space    used 3480K, capacity 3670K, committed 3712K, reserved 1048576K
Event: 17.732 GC heap after
Heap after GC invocations=8 (full 1):
 PSYoungGen      total 71168K, used 7333K [0x00000000e0000000, 0x00000000e7700000, 0x0000000100000000)
  eden space 62464K, 0% used [0x00000000e0000000,0x00000000e0000000,0x00000000e3d00000)
  from space 8704K, 84% used [0x00000000e3d00000,0x00000000e4429708,0x00000000e4580000)
  to   space 9728K, 0% used [0x00000000e6d80000,0x00000000e6d80000,0x00000000e7700000)
 ParOldGen       total 37888K, used 12277K [0x00000000a0000000, 0x00000000a2500000, 0x00000000e0000000)
  object space 37888K, 32% used [0x00000000a0000000,0x00000000a0bfd668,0x00000000a2500000)
 Metaspace       used 25207K, capacity 25870K, committed 25984K, reserved 1071104K
  class space    used 3480K, capacity 3670K, committed 3712K, reserved 1048576K
}
Event: 21.312 GC heap before
{Heap before GC invocations=9 (full 1):
 PSYoungGen      total 71168K, used 69797K [0x00000000e0000000, 0x00000000e7700000, 0x0000000100000000)
  eden space 62464K, 100% used [0x00000000e0000000,0x00000000e3d00000,0x00000000e3d00000)
  from space 8704K, 84% used [0x00000000e3d00000,0x00000000e4429708,0x00000000e4580000)
  to   space 9728K, 0% used [0x00000000e6d80000,0x00000000e6d80000,0x00000000e7700000)
 ParOldGen       total 37888K, used 12277K [0x00000000a0000000, 0x00000000a2500000, 0x00000000e0000000)
  object space 37888K, 32% used [0x00000000a0000000,0x00000000a0bfd668,0x00000000a2500000)
 Metaspace       used 30328K, capacity 30904K, committed 31232K, reserved 1077248K
  class space    used 4135K, capacity 4323K, committed 4352K, reserved 1048576K
Event: 21.334 GC heap after
Heap after GC invocations=9 (full 1):
 PSYoungGen      total 109056K, used 8514K [0x00000000e0000000, 0x00000000e7600000, 0x0000000100000000)
  eden space 100352K, 0% used [0x00000000e0000000,0x00000000e0000000,0x00000000e6200000)
  from space 8704K, 97% used [0x00000000e6d80000,0x00000000e75d0878,0x00000000e7600000)
  to   space 10240K, 0% used [0x00000000e6200000,0x00000000e6200000,0x00000000e6c00000)
 ParOldGen       total 37888K, used 12349K [0x00000000a0000000, 0x00000000a2500000, 0x00000000e0000000)
  object space 37888K, 32% used [0x00000000a0000000,0x00000000a0c0f678,0x00000000a2500000)
 Metaspace       used 30328K, capacity 30904K, committed 31232K, reserved 1077248K
  class space    used 4135K, capacity 4323K, committed 4352K, reserved 1048576K
}
Event: 24.830 GC heap before
{Heap before GC invocations=10 (full 1):
 PSYoungGen      total 109056K, used 74298K [0x00000000e0000000, 0x00000000e7600000, 0x0000000100000000)
  eden space 100352K, 65% used [0x00000000e0000000,0x00000000e403e358,0x00000000e6200000)
  from space 8704K, 97% used [0x00000000e6d80000,0x00000000e75d0878,0x00000000e7600000)
  to   space 10240K, 0% used [0x00000000e6200000,0x00000000e6200000,0x00000000e6c00000)
 ParOldGen       total 37888K, used 12349K [0x00000000a0000000, 0x00000000a2500000, 0x00000000e0000000)
  object space 37888K, 32% used [0x00000000a0000000,0x00000000a0c0f678,0x00000000a2500000)
 Metaspace       used 34504K, capacity 35268K, committed 35416K, reserved 1079296K
  class space    used 4683K, capacity 4956K, committed 4992K, reserved 1048576K
Event: 24.859 GC heap after
Heap after GC invocations=10 (full 1):
 PSYoungGen      total 110592K, used 10219K [0x00000000e0000000, 0x00000000e9b80000, 0x0000000100000000)
  eden space 100352K, 0% used [0x00000000e0000000,0x00000000e0000000,0x00000000e6200000)
  from space 10240K, 99% used [0x00000000e6200000,0x00000000e6bfaeb0,0x00000000e6c00000)
  to   space 11776K, 0% used [0x00000000e9000000,0x00000000e9000000,0x00000000e9b80000)
 ParOldGen       total 37888K, used 12357K [0x00000000a0000000, 0x00000000a2500000, 0x00000000e0000000)
  object space 37888K, 32% used [0x00000000a0000000,0x00000000a0c11678,0x00000000a2500000)
 Metaspace       used 34504K, capacity 35268K, committed 35416K, reserved 1079296K
  class space    used 4683K, capacity 4956K, committed 4992K, reserved 1048576K
}
Event: 24.859 GC heap before
{Heap before GC invocations=11 (full 2):
 PSYoungGen      total 110592K, used 10219K [0x00000000e0000000, 0x00000000e9b80000, 0x0000000100000000)
  eden space 100352K, 0% used [0x00000000e0000000,0x00000000e0000000,0x00000000e6200000)
  from space 10240K, 99% used [0x00000000e6200000,0x00000000e6bfaeb0,0x00000000e6c00000)
  to   space 11776K, 0% used [0x00000000e9000000,0x00000000e9000000,0x00000000e9b80000)
 ParOldGen       total 37888K, used 12357K [0x00000000a0000000, 0x00000000a2500000, 0x00000000e0000000)
  object space 37888K, 32% used [0x00000000a0000000,0x00000000a0c11678,0x00000000a2500000)
 Metaspace       used 34504K, capacity 35268K, committed 35416K, reserved 1079296K
  class space    used 4683K, capacity 4956K, committed 4992K, reserved 1048576K
Event: 25.078 GC heap after
Heap after GC invocations=11 (full 2):
 PSYoungGen      total 110592K, used 0K [0x00000000e0000000, 0x00000000e9b80000, 0x0000000100000000)
  eden space 100352K, 0% used [0x00000000e0000000,0x00000000e0000000,0x00000000e6200000)
  from space 10240K, 0% used [0x00000000e6200000,0x00000000e6200000,0x00000000e6c00000)
  to   space 11776K, 0% used [0x00000000e9000000,0x00000000e9000000,0x00000000e9b80000)
 ParOldGen       total 53760K, used 16477K [0x00000000a0000000, 0x00000000a3480000, 0x00000000e0000000)
  object space 53760K, 30% used [0x00000000a0000000,0x00000000a10177e0,0x00000000a3480000)
 Metaspace       used 34504K, capacity 35268K, committed 35416K, reserved 1079296K
  class space    used 4683K, capacity 4956K, committed 4992K, reserved 1048576K
}
Event: 30.086 GC heap before
{Heap before GC invocations=12 (full 2):
 PSYoungGen      total 110592K, used 100352K [0x00000000e0000000, 0x00000000e9b80000, 0x0000000100000000)
  eden space 100352K, 100% used [0x00000000e0000000,0x00000000e6200000,0x00000000e6200000)
  from space 10240K, 0% used [0x00000000e6200000,0x00000000e6200000,0x00000000e6c00000)
  to   space 11776K, 0% used [0x00000000e9000000,0x00000000e9000000,0x00000000e9b80000)
 ParOldGen       total 53760K, used 16477K [0x00000000a0000000, 0x00000000a3480000, 0x00000000e0000000)
  object space 53760K, 30% used [0x00000000a0000000,0x00000000a10177e0,0x00000000a3480000)
 Metaspace       used 41320K, capacity 42160K, committed 42456K, reserved 1085440K
  class space    used 5496K, capacity 5788K, committed 5888K, reserved 1048576K
Event: 30.151 GC heap after
Heap after GC invocations=12 (full 2):
 PSYoungGen      total 138752K, used 10797K [0x00000000e0000000, 0x00000000e9b00000, 0x0000000100000000)
  eden space 127488K, 0% used [0x00000000e0000000,0x00000000e0000000,0x00000000e7c80000)
  from space 11264K, 95% used [0x00000000e9000000,0x00000000e9a8b5f0,0x00000000e9b00000)
  to   space 13312K, 0% used [0x00000000e8100000,0x00000000e8100000,0x00000000e8e00000)
 ParOldGen       total 53760K, used 16485K [0x00000000a0000000, 0x00000000a3480000, 0x00000000e0000000)
  object space 53760K, 30% used [0x00000000a0000000,0x00000000a10197e0,0x00000000a3480000)
 Metaspace       used 41320K, capacity 42160K, committed 42456K, reserved 1085440K
  class space    used 5496K, capacity 5788K, committed 5888K, reserved 1048576K
}

